<?xml version="1.0" encoding="UTF-8"?><testsuite errors="0" failures="0" name="com.aptafund.test.features.login.commonTest.AptaLoginTest" skipped="0" tests="3" time="65.69" timestamp="2017-06-167 08:48:52"><testcase classname="com.aptafund.test.features.login.commonTest.AptaLoginTest" name="Verify login into site"/><testcase classname="com.aptafund.test.features.login.commonTest.AptaLoginTest" name="Verify logout"/><testcase classname="com.aptafund.test.features.login.commonTest.AptaLoginTest" name="Verify login page is appearing"/></testsuite>