<?xml version="1.0" encoding="UTF-8"?><testsuite errors="1" failures="0" name="com.aptafund.test.features.login.Payroll.ManagePayrollTest" skipped="2" tests="7" time="679.98" timestamp="2017-06-167 09:16:40"><testcase classname="com.aptafund.test.features.login.Payroll.ManagePayrollTest" name="Verify add job to register"><error message="Timed out after 5 seconds. Element not found&#10;For documentation on this error, please visit: http://seleniumhq.org/exceptions/no_such_element.html&#10;Build info: version: '2.53.0', revision: '35ae25b1534ae328c771e0856c93e187490ca824', time: '2016-03-15 10:43:46'&#10;System info: host: 'ShariqM-PC', ip: '10.14.5.80', os.name: 'Windows 8.1', os.arch: 'amd64', os.version: '6.3', java.version: '1.8.0_45'&#10;Driver info: driver.version: unknown" type="org.openqa.selenium.NoSuchElementException">Timed out after 5 seconds. Element not found
For documentation on this error, please visit: http://seleniumhq.org/exceptions/no_such_element.html
Build info: version: '2.53.0', revision: '35ae25b1534ae328c771e0856c93e187490ca824', time: '2016-03-15 10:43:46'
System info: host: 'ShariqM-PC', ip: '10.14.5.80', os.name: 'Windows 8.1', os.arch: 'amd64', os.version: '6.3', java.version: '1.8.0_45'
Driver info: driver.version: unknown</error><system-err>Timed out after 5 seconds. Element not found
For documentation on this error, please visit: http://seleniumhq.org/exceptions/no_such_element.html
Build info: version: '2.53.0', revision: '35ae25b1534ae328c771e0856c93e187490ca824', time: '2016-03-15 10:43:46'
System info: host: 'ShariqM-PC', ip: '10.14.5.80', os.name: 'Windows 8.1', os.arch: 'amd64', os.version: '6.3', java.version: '1.8.0_45'
Driver info: driver.version: unknown&#13;
com.aptafund.test.pages.hrPayrollESS.ManagePayrollPage.clickAddJobToRegistor(ManagePayrollPage.java:588)&#13;
com.aptafund.test.steps.HRPayrollESS.ManagePayrollSteps.addJobToRegistor(ManagePayrollSteps.java:159)&#13;
com.aptafund.test.features.login.Payroll.ManagePayrollTest.verifyAddJobToRegister(ManagePayrollTest.java:98)&#13;
</system-err></testcase><testcase classname="com.aptafund.test.features.login.Payroll.ManagePayrollTest" name="Verify navigate to deduction assignment"/><testcase classname="com.aptafund.test.features.login.Payroll.ManagePayrollTest" name="Verify navigate to manage deductions"/><testcase classname="com.aptafund.test.features.login.Payroll.ManagePayrollTest" name="Verify navigate to manage payroll"><skipped/></testcase><testcase classname="com.aptafund.test.features.login.Payroll.ManagePayrollTest" name="Verify remove job to register"/><testcase classname="com.aptafund.test.features.login.Payroll.ManagePayrollTest" name="Verify submit and print special payroll register"><skipped/></testcase><testcase classname="com.aptafund.test.features.login.Payroll.ManagePayrollTest" name="Void register"/></testsuite>