<?xml version="1.0" encoding="UTF-8"?><testsuite errors="1" failures="0" name="com.aptafund.test.features.login.HumanResource.ManageEmployeeTest" skipped="0" tests="2" time="83.55" timestamp="2017-06-167 08:57:22"><testcase classname="com.aptafund.test.features.login.HumanResource.ManageEmployeeTest" name="Verify navigate to manage employee"/><testcase classname="com.aptafund.test.features.login.HumanResource.ManageEmployeeTest" name="Verify add new employee"><error message="Could not instantiate class org.openqa.selenium.firefox.FirefoxDriver" type="net.thucydides.core.webdriver.UnsupportedDriverException">Could not instantiate class org.openqa.selenium.firefox.FirefoxDriver</error><system-err>Could not instantiate class org.openqa.selenium.firefox.FirefoxDriver&#13;
com.aptafund.test.steps.commonSteps.AptaLoginSteps.navigateToLoginPage(AptaLoginSteps.java:28)&#13;
com.aptafund.test.features.login.HumanResource.ManageEmployeeTest.verifyAddNewEmployee(ManageEmployeeTest.java:61)&#13;
</system-err></testcase></testsuite>