<?xml version="1.0" encoding="UTF-8"?>
<testsuite name="com.aptafund.test.features.login.Payroll.ManagePayrollTest" time="473.827" tests="7" errors="3" skipped="2" failures="0">
  <properties>
[...]
</properties>
  <testcase name="verifyAddJobToRegister" classname="com.aptafund.test.features.login.Payroll.ManagePayrollTest" time="154.161">
    <error message="Timed out after 5 seconds. Element not found&#10;For documentation on this error, please visit: http://seleniumhq.org/exceptions/no_such_element.html&#10;Build info: version: &apos;2.53.0&apos;, revision: &apos;35ae25b1534ae328c771e0856c93e187490ca824&apos;, time: &apos;2016-03-15 10:43:46&apos;&#10;System info: host: &apos;ShariqM-PC&apos;, ip: &apos;10.14.5.80&apos;, os.name: &apos;Windows 8.1&apos;, os.arch: &apos;amd64&apos;, os.version: &apos;6.3&apos;, java.version: &apos;1.8.0_45&apos;&#10;Driver info: driver.version: unknown&#10;For documentation on this error, please visit: http://seleniumhq.org/exceptions/no_such_element.html&#10;Build info: version: &apos;2.53.0&apos;, revision: &apos;35ae25b1534ae328c771e0856c93e187490ca824&apos;, time: &apos;2016-03-15 10:43:46&apos;&#10;System info: host: &apos;ShariqM-PC&apos;, ip: &apos;10.14.5.80&apos;, os.name: &apos;Windows 8.1&apos;, os.arch: &apos;amd64&apos;, os.version: &apos;6.3&apos;, java.version: &apos;1.8.0_45&apos;&#10;Driver info: driver.version: unknown" type="org.openqa.selenium.NoSuchElementException">org.openqa.selenium.NoSuchElementException: Timed out after 5 seconds. Element not found
For documentation on this error, please visit: http://seleniumhq.org/exceptions/no_such_element.html
Build info: version: '2.53.0', revision: '35ae25b1534ae328c771e0856c93e187490ca824', time: '2016-03-15 10:43:46'
System info: host: 'ShariqM-PC', ip: '10.14.5.80', os.name: 'Windows 8.1', os.arch: 'amd64', os.version: '6.3', java.version: '1.8.0_45'
Driver info: driver.version: unknown
For documentation on this error, please visit: http://seleniumhq.org/exceptions/no_such_element.html
Build info: version: '2.53.0', revision: '35ae25b1534ae328c771e0856c93e187490ca824', time: '2016-03-15 10:43:46'
System info: host: 'ShariqM-PC', ip: '10.14.5.80', os.name: 'Windows 8.1', os.arch: 'amd64', os.version: '6.3', java.version: '1.8.0_45'
Driver info: driver.version: unknown
	at com.aptafund.test.pages.hrPayrollESS.ManagePayrollPage.selectEmpFromAddJobReg(ManagePayrollPage.java:450)
	at com.aptafund.test.steps.HRPayrollESS.ManagePayrollSteps.selectEmployeeFromAddJobReg(ManagePayrollSteps.java:137)
	at com.aptafund.test.features.login.Payroll.ManagePayrollTest.verifyAddJobToRegister(ManagePayrollTest.java:99)
</error>
    <system-out><![CDATA[org.openqa.selenium.NoSuchElementException: Timed out after 5 seconds. Element not found
For documentation on this error, please visit: http://seleniumhq.org/exceptions/no_such_element.html
Build info: version: '2.53.0', revision: '35ae25b1534ae328c771e0856c93e187490ca824', time: '2016-03-15 10:43:46'
System info: host: 'ShariqM-PC', ip: '10.14.5.80', os.name: 'Windows 8.1', os.arch: 'amd64', os.version: '6.3', java.version: '1.8.0_45'
Driver info: driver.version: unknown
]]></system-out>
    <system-err><![CDATA[[main] ERROR net.serenitybdd.core.Serenity - 
           __  _____ _____ ____ _____   _____ _    ___ _     _____ ____  
  _       / / |_   _| ____/ ___|_   _| |  ___/ \  |_ _| |   | ____|  _ \ 
 (_)_____| |    | | |  _| \___ \ | |   | |_ / _ \  | || |   |  _| | | | |
  _|_____| |    | | | |___ ___) || |   |  _/ ___ \ | || |___| |___| |_| |
 (_)     | |    |_| |_____|____/ |_|   |_|/_/   \_\___|_____|_____|____/ 
          \_\                                                            

TEST FAILED WITH ERROR: Verify add percentage calculation deduction
---------------------------------------------------------------------
[main] ERROR net.serenitybdd.core.Serenity - TEST FAILED AT STEP Add manage deduction using percentage calculation
[main] ERROR net.serenitybdd.core.Serenity - Timed out after 60 seconds waiting for com.aptafund.test.actions.WaitActions$1@11c50812
[main] INFO net.thucydides.core.webdriver.WebDriverFactory - Setting browser dimensions to 700/1280
[main] INFO com.aptafund.test.pages.commonPages.AptaLoginPage - Verifying the title of the Home Page
[main] INFO com.aptafund.test.pages.commonPages.AptaHomePage - Verifying the Title of Home Page 
[main] INFO com.aptafund.test.pages.hrPayrollESS.HrPayrollEssHomePage - Waiting for HR, Payroll & ESS
[main] INFO com.aptafund.test.pages.hrPayrollESS.HrPayrollEssHomePage - Clicked on HR, Payroll & ESS
[main] INFO com.aptafund.test.pages.hrPayrollESS.HrPayrollEssHomePage - HR, Payroll & ESS link has been clicked
[main] INFO com.aptafund.test.pages.hrPayrollESS.HrPayrollEssHomePage - Waiting for Manage Payroll to be clickable
[main] INFO com.aptafund.test.pages.hrPayrollESS.HrPayrollEssHomePage - Clicking on Manage Payroll
[main] INFO com.aptafund.test.pages.hrPayrollESS.HrPayrollEssHomePage - Manage Payroll link has been clicked
[main] INFO com.aptafund.test.pages.hrPayrollESS.HrPayrollEssHomePage - Waiting for Add button on Manage Payroll
[main] INFO com.aptafund.test.pages.hrPayrollESS.HrPayrollEssHomePage - Clicking on Add button through Manage Payroll
[main] INFO com.aptafund.test.pages.hrPayrollESS.HrPayrollEssHomePage - Add button through Manage Payroll has been clicked
[main] INFO com.aptafund.test.steps.HRPayrollESS.ManagePayrollSteps - Selecting the value from the Payroll Cycle
[main] INFO com.aptafund.test.steps.HRPayrollESS.ManagePayrollSteps - Value of Biweekly has been selected from Payroll Cycle dropdown.
[main] INFO com.aptafund.test.steps.HRPayrollESS.ManagePayrollSteps - Selecting the Biweekly value from the Payroll Cycle List Box
[main] INFO com.aptafund.test.steps.HRPayrollESS.ManagePayrollSteps - Selecting the value from the Payroll Cycle
[main] INFO com.aptafund.test.steps.HRPayrollESS.ManagePayrollSteps - Value of Biweekly has been selected from Payroll Cycle dropdown.
[main] INFO com.aptafund.test.steps.HRPayrollESS.ManagePayrollSteps - Selecting the Biweekly value from the Payroll Cycle List Box
[main] INFO com.aptafund.test.steps.HRPayrollESS.ManagePayrollSteps - Open the Register Drop down
[main] INFO com.aptafund.test.steps.HRPayrollESS.ManagePayrollSteps - Value of Biweekly has been selected from Payroll Cycle dropdown.
[main] INFO com.aptafund.test.steps.HRPayrollESS.ManagePayrollSteps - Selecting the Register value from the Register Type  List Box
[main] INFO com.aptafund.test.steps.HRPayrollESS.ManagePayrollSteps - Define the description of the Register
[main] INFO com.aptafund.test.steps.HRPayrollESS.ManagePayrollSteps - Hit Save add register option
[main] INFO com.aptafund.test.steps.HRPayrollESS.ManagePayrollSteps - Capture Currently added Registor number.
[main] INFO com.aptafund.test.steps.HRPayrollESS.ManagePayrollSteps - Click on Return to Search option to get back on Main search page.
[main] INFO com.aptafund.test.steps.HRPayrollESS.ManagePayrollSteps - Hit add Job to Registor
[main] INFO com.aptafund.test.steps.HRPayrollESS.ManagePayrollSteps - Apply Check in the Checkbox for selecting the newly added Register
[main] INFO com.aptafund.test.steps.HRPayrollESS.ManagePayrollSteps - Click on the Edit button to Edit the Job
[main] INFO com.aptafund.test.steps.HRPayrollESS.ManagePayrollSteps - Hit add Job to Registor
[main] INFO com.aptafund.test.steps.HRPayrollESS.ManagePayrollSteps - select employee value from Employee DD from add register
]]></system-err>
  </testcase>
  <testcase name="verifyNavigateToDeductionAssignment" classname="com.aptafund.test.features.login.Payroll.ManagePayrollTest" time="35.176"/>
  <testcase name="verifyNavigateToManageDeductions" classname="com.aptafund.test.features.login.Payroll.ManagePayrollTest" time="36.65"/>
  <testcase name="verifyNavigateToManagePayroll" classname="com.aptafund.test.features.login.Payroll.ManagePayrollTest" time="0">
    <skipped/>
  </testcase>
  <testcase name="verifyRemoveJobToRegister" classname="com.aptafund.test.features.login.Payroll.ManagePayrollTest" time="95.143">
    <error message="Timed out after 5 seconds. Element not found&#10;For documentation on this error, please visit: http://seleniumhq.org/exceptions/no_such_element.html&#10;Build info: version: &apos;2.53.0&apos;, revision: &apos;35ae25b1534ae328c771e0856c93e187490ca824&apos;, time: &apos;2016-03-15 10:43:46&apos;&#10;System info: host: &apos;ShariqM-PC&apos;, ip: &apos;10.14.5.80&apos;, os.name: &apos;Windows 8.1&apos;, os.arch: &apos;amd64&apos;, os.version: &apos;6.3&apos;, java.version: &apos;1.8.0_45&apos;&#10;Driver info: driver.version: unknown&#10;For documentation on this error, please visit: http://seleniumhq.org/exceptions/no_such_element.html&#10;Build info: version: &apos;2.53.0&apos;, revision: &apos;35ae25b1534ae328c771e0856c93e187490ca824&apos;, time: &apos;2016-03-15 10:43:46&apos;&#10;System info: host: &apos;ShariqM-PC&apos;, ip: &apos;10.14.5.80&apos;, os.name: &apos;Windows 8.1&apos;, os.arch: &apos;amd64&apos;, os.version: &apos;6.3&apos;, java.version: &apos;1.8.0_45&apos;&#10;Driver info: driver.version: unknown" type="org.openqa.selenium.NoSuchElementException">org.openqa.selenium.NoSuchElementException: Timed out after 5 seconds. Element not found
For documentation on this error, please visit: http://seleniumhq.org/exceptions/no_such_element.html
Build info: version: '2.53.0', revision: '35ae25b1534ae328c771e0856c93e187490ca824', time: '2016-03-15 10:43:46'
System info: host: 'ShariqM-PC', ip: '10.14.5.80', os.name: 'Windows 8.1', os.arch: 'amd64', os.version: '6.3', java.version: '1.8.0_45'
Driver info: driver.version: unknown
For documentation on this error, please visit: http://seleniumhq.org/exceptions/no_such_element.html
Build info: version: '2.53.0', revision: '35ae25b1534ae328c771e0856c93e187490ca824', time: '2016-03-15 10:43:46'
System info: host: 'ShariqM-PC', ip: '10.14.5.80', os.name: 'Windows 8.1', os.arch: 'amd64', os.version: '6.3', java.version: '1.8.0_45'
Driver info: driver.version: unknown
	at com.aptafund.test.pages.hrPayrollESS.ManagePayrollPage.clickAddJobToRegistor(ManagePayrollPage.java:588)
	at com.aptafund.test.steps.HRPayrollESS.ManagePayrollSteps.addJobToRegistor(ManagePayrollSteps.java:159)
	at com.aptafund.test.features.login.Payroll.ManagePayrollTest.verifyRemoveJobToRegister(ManagePayrollTest.java:146)
</error>
    <system-out><![CDATA[org.openqa.selenium.NoSuchElementException: Timed out after 5 seconds. Element not found
For documentation on this error, please visit: http://seleniumhq.org/exceptions/no_such_element.html
Build info: version: '2.53.0', revision: '35ae25b1534ae328c771e0856c93e187490ca824', time: '2016-03-15 10:43:46'
System info: host: 'ShariqM-PC', ip: '10.14.5.80', os.name: 'Windows 8.1', os.arch: 'amd64', os.version: '6.3', java.version: '1.8.0_45'
Driver info: driver.version: unknown
]]></system-out>
    <system-err><![CDATA[[main] INFO net.thucydides.core.webdriver.WebDriverFactory - Setting browser dimensions to 700/1280
[main] INFO com.aptafund.test.pages.commonPages.AptaLoginPage - Verifying the title of the Home Page
[main] INFO com.aptafund.test.pages.commonPages.AptaHomePage - Verifying the Title of Home Page 
[main] INFO com.aptafund.test.pages.hrPayrollESS.HrPayrollEssHomePage - Waiting for HR, Payroll & ESS
[main] INFO com.aptafund.test.pages.hrPayrollESS.HrPayrollEssHomePage - Clicked on HR, Payroll & ESS
[main] INFO com.aptafund.test.pages.hrPayrollESS.HrPayrollEssHomePage - HR, Payroll & ESS link has been clicked
[main] INFO com.aptafund.test.pages.hrPayrollESS.HrPayrollEssHomePage - Waiting for Manage Payroll to be clickable
[main] INFO com.aptafund.test.pages.hrPayrollESS.HrPayrollEssHomePage - Clicking on Manage Payroll
[main] INFO com.aptafund.test.pages.hrPayrollESS.HrPayrollEssHomePage - Manage Payroll link has been clicked
[main] INFO com.aptafund.test.pages.hrPayrollESS.HrPayrollEssHomePage - Waiting for Add button on Manage Payroll
[main] INFO com.aptafund.test.pages.hrPayrollESS.HrPayrollEssHomePage - Clicking on Add button through Manage Payroll
[main] INFO com.aptafund.test.pages.hrPayrollESS.HrPayrollEssHomePage - Add button through Manage Payroll has been clicked
[main] INFO com.aptafund.test.steps.HRPayrollESS.ManagePayrollSteps - Selecting the value from the Payroll Cycle
[main] INFO com.aptafund.test.steps.HRPayrollESS.ManagePayrollSteps - Value of Biweekly has been selected from Payroll Cycle dropdown.
[main] INFO com.aptafund.test.steps.HRPayrollESS.ManagePayrollSteps - Selecting the Biweekly value from the Payroll Cycle List Box
[main] INFO com.aptafund.test.steps.HRPayrollESS.ManagePayrollSteps - Selecting the value from the Payroll Cycle
[main] INFO com.aptafund.test.steps.HRPayrollESS.ManagePayrollSteps - Value of Biweekly has been selected from Payroll Cycle dropdown.
[main] INFO com.aptafund.test.steps.HRPayrollESS.ManagePayrollSteps - Selecting the Biweekly value from the Payroll Cycle List Box
[main] INFO com.aptafund.test.steps.HRPayrollESS.ManagePayrollSteps - Open the Register Drop down
[main] INFO com.aptafund.test.steps.HRPayrollESS.ManagePayrollSteps - Value of Biweekly has been selected from Payroll Cycle dropdown.
[main] INFO com.aptafund.test.steps.HRPayrollESS.ManagePayrollSteps - Selecting the Register value from the Register Type  List Box
[main] INFO com.aptafund.test.steps.HRPayrollESS.ManagePayrollSteps - Define the description of the Register
[main] INFO com.aptafund.test.steps.HRPayrollESS.ManagePayrollSteps - Hit Save add register option
[main] INFO com.aptafund.test.steps.HRPayrollESS.ManagePayrollSteps - Hit add Job to Registor
]]></system-err>
  </testcase>
  <testcase name="verifySubmitAndPrintSpecialPayrollRegister" classname="com.aptafund.test.features.login.Payroll.ManagePayrollTest" time="0">
    <skipped/>
    <system-err><![CDATA[[main] ERROR net.serenitybdd.core.Serenity - 
           __  _____ _____ ____ _____   _____ _    ___ _     _____ ____  
  _       / / |_   _| ____/ ___|_   _| |  ___/ \  |_ _| |   | ____|  _ \ 
 (_)_____| |    | | |  _| \___ \ | |   | |_ / _ \  | || |   |  _| | | | |
  _|_____| |    | | | |___ ___) || |   |  _/ ___ \ | || |___| |___| |_| |
 (_)     | |    |_| |_____|____/ |_|   |_|/_/   \_\___|_____|_____|____/ 
          \_\                                                            

TEST FAILED WITH ERROR: Verify remove job to register
---------------------------------------------------------------------
[main] ERROR net.serenitybdd.core.Serenity - TEST FAILED AT STEP Add job to registor
[main] ERROR net.serenitybdd.core.Serenity - Timed out after 5 seconds. Element not found
]]></system-err>
  </testcase>
  <testcase name="voidRegister" classname="com.aptafund.test.features.login.Payroll.ManagePayrollTest" time="152.697">
    <error message="Timed out after 5 seconds. Element not found&#10;For documentation on this error, please visit: http://seleniumhq.org/exceptions/no_such_element.html&#10;Build info: version: &apos;2.53.0&apos;, revision: &apos;35ae25b1534ae328c771e0856c93e187490ca824&apos;, time: &apos;2016-03-15 10:43:46&apos;&#10;System info: host: &apos;ShariqM-PC&apos;, ip: &apos;10.14.5.80&apos;, os.name: &apos;Windows 8.1&apos;, os.arch: &apos;amd64&apos;, os.version: &apos;6.3&apos;, java.version: &apos;1.8.0_45&apos;&#10;Driver info: driver.version: unknown&#10;For documentation on this error, please visit: http://seleniumhq.org/exceptions/no_such_element.html&#10;Build info: version: &apos;2.53.0&apos;, revision: &apos;35ae25b1534ae328c771e0856c93e187490ca824&apos;, time: &apos;2016-03-15 10:43:46&apos;&#10;System info: host: &apos;ShariqM-PC&apos;, ip: &apos;10.14.5.80&apos;, os.name: &apos;Windows 8.1&apos;, os.arch: &apos;amd64&apos;, os.version: &apos;6.3&apos;, java.version: &apos;1.8.0_45&apos;&#10;Driver info: driver.version: unknown" type="org.openqa.selenium.NoSuchElementException">org.openqa.selenium.NoSuchElementException: Timed out after 5 seconds. Element not found
For documentation on this error, please visit: http://seleniumhq.org/exceptions/no_such_element.html
Build info: version: '2.53.0', revision: '35ae25b1534ae328c771e0856c93e187490ca824', time: '2016-03-15 10:43:46'
System info: host: 'ShariqM-PC', ip: '10.14.5.80', os.name: 'Windows 8.1', os.arch: 'amd64', os.version: '6.3', java.version: '1.8.0_45'
Driver info: driver.version: unknown
For documentation on this error, please visit: http://seleniumhq.org/exceptions/no_such_element.html
Build info: version: '2.53.0', revision: '35ae25b1534ae328c771e0856c93e187490ca824', time: '2016-03-15 10:43:46'
System info: host: 'ShariqM-PC', ip: '10.14.5.80', os.name: 'Windows 8.1', os.arch: 'amd64', os.version: '6.3', java.version: '1.8.0_45'
Driver info: driver.version: unknown
	at com.aptafund.test.pages.hrPayrollESS.ManagePayrollPage.selectEmpFromAddJobReg(ManagePayrollPage.java:450)
	at com.aptafund.test.steps.HRPayrollESS.ManagePayrollSteps.selectEmployeeFromAddJobReg(ManagePayrollSteps.java:137)
	at com.aptafund.test.features.login.Payroll.ManagePayrollTest.voidRegister(ManagePayrollTest.java:193)
</error>
    <system-out><![CDATA[org.openqa.selenium.NoSuchElementException: Timed out after 5 seconds. Element not found
For documentation on this error, please visit: http://seleniumhq.org/exceptions/no_such_element.html
Build info: version: '2.53.0', revision: '35ae25b1534ae328c771e0856c93e187490ca824', time: '2016-03-15 10:43:46'
System info: host: 'ShariqM-PC', ip: '10.14.5.80', os.name: 'Windows 8.1', os.arch: 'amd64', os.version: '6.3', java.version: '1.8.0_45'
Driver info: driver.version: unknown
]]></system-out>
    <system-err><![CDATA[[main] INFO net.thucydides.core.webdriver.WebDriverFactory - Setting browser dimensions to 700/1280
[main] INFO com.aptafund.test.pages.commonPages.AptaLoginPage - Verifying the title of the Home Page
[main] INFO com.aptafund.test.pages.commonPages.AptaHomePage - Verifying the Title of Home Page 
[main] INFO com.aptafund.test.pages.hrPayrollESS.HrPayrollEssHomePage - Waiting for HR, Payroll & ESS
[main] INFO com.aptafund.test.pages.hrPayrollESS.HrPayrollEssHomePage - Clicked on HR, Payroll & ESS
[main] INFO com.aptafund.test.pages.hrPayrollESS.HrPayrollEssHomePage - HR, Payroll & ESS link has been clicked
[main] INFO com.aptafund.test.pages.hrPayrollESS.HrPayrollEssHomePage - Waiting for Manage Payroll to be clickable
[main] INFO com.aptafund.test.pages.hrPayrollESS.HrPayrollEssHomePage - Clicking on Manage Payroll
[main] INFO com.aptafund.test.pages.hrPayrollESS.HrPayrollEssHomePage - Manage Payroll link has been clicked
[main] INFO com.aptafund.test.pages.hrPayrollESS.HrPayrollEssHomePage - Waiting for Add button on Manage Payroll
[main] INFO com.aptafund.test.pages.hrPayrollESS.HrPayrollEssHomePage - Clicking on Add button through Manage Payroll
[main] INFO com.aptafund.test.pages.hrPayrollESS.HrPayrollEssHomePage - Add button through Manage Payroll has been clicked
[main] INFO com.aptafund.test.steps.HRPayrollESS.ManagePayrollSteps - Selecting the value from the Payroll Cycle
[main] INFO com.aptafund.test.steps.HRPayrollESS.ManagePayrollSteps - Value of Biweekly has been selected from Payroll Cycle dropdown.
[main] INFO com.aptafund.test.steps.HRPayrollESS.ManagePayrollSteps - Selecting the Biweekly value from the Payroll Cycle List Box
[main] INFO com.aptafund.test.steps.HRPayrollESS.ManagePayrollSteps - Selecting the value from the Payroll Cycle
[main] INFO com.aptafund.test.steps.HRPayrollESS.ManagePayrollSteps - Value of Biweekly has been selected from Payroll Cycle dropdown.
[main] INFO com.aptafund.test.steps.HRPayrollESS.ManagePayrollSteps - Selecting the Biweekly value from the Payroll Cycle List Box
[main] INFO com.aptafund.test.steps.HRPayrollESS.ManagePayrollSteps - Open the Register Drop down
[main] INFO com.aptafund.test.steps.HRPayrollESS.ManagePayrollSteps - Value of Biweekly has been selected from Payroll Cycle dropdown.
[main] INFO com.aptafund.test.steps.HRPayrollESS.ManagePayrollSteps - Selecting the Register value from the Register Type  List Box
[main] INFO com.aptafund.test.steps.HRPayrollESS.ManagePayrollSteps - Define the description of the Register
[main] INFO com.aptafund.test.steps.HRPayrollESS.ManagePayrollSteps - Hit Save add register option
[main] INFO com.aptafund.test.steps.HRPayrollESS.ManagePayrollSteps - Capture Currently added Registor number.
[main] INFO com.aptafund.test.steps.HRPayrollESS.ManagePayrollSteps - Click on Return to Search option to get back on Main search page.
[main] INFO com.aptafund.test.steps.HRPayrollESS.ManagePayrollSteps - Hit add Job to Registor
[main] INFO com.aptafund.test.steps.HRPayrollESS.ManagePayrollSteps - Apply Check in the Checkbox for selecting the newly added Register
[main] INFO com.aptafund.test.steps.HRPayrollESS.ManagePayrollSteps - Click on the Edit button to Edit the Job
[main] INFO com.aptafund.test.steps.HRPayrollESS.ManagePayrollSteps - Hit add Job to Registor
[main] INFO com.aptafund.test.steps.HRPayrollESS.ManagePayrollSteps - select employee value from Employee DD from add register
]]></system-err>
  </testcase>
</testsuite>