<?xml version="1.0" encoding="UTF-8"?>
<testsuite name="com.aptafund.test.features.login.Payroll.ManageDeductionTest" time="487.46" tests="4" errors="2" skipped="0" failures="0">
  <properties>
[...]
</properties>
  <testcase name="verifyAddSystemDeduction" classname="com.aptafund.test.features.login.Payroll.ManageDeductionTest" time="58.699"/>
  <testcase name="verifyAddFixedAmountCalculationDeduction" classname="com.aptafund.test.features.login.Payroll.ManageDeductionTest" time="136.434"/>
  <testcase name="verifyDisableFixedAmountDeduction" classname="com.aptafund.test.features.login.Payroll.ManageDeductionTest" time="160.179">
    <error message="Element is not clickable at point (1105.0833740234375, 136.46665954589844). Other element would receive the click: &lt;div style=&quot;display: block; z-index: 10004; opacity: 0.5;&quot; class=&quot;k-overlay&quot;&gt;&lt;/div&gt;&#10;Command duration or timeout: 78 milliseconds&#10;Build info: version: &apos;2.53.0&apos;, revision: &apos;35ae25b1534ae328c771e0856c93e187490ca824&apos;, time: &apos;2016-03-15 10:43:46&apos;&#10;System info: host: &apos;ShariqM-PC&apos;, ip: &apos;10.14.5.80&apos;, os.name: &apos;Windows 8.1&apos;, os.arch: &apos;amd64&apos;, os.version: &apos;6.3&apos;, java.version: &apos;1.8.0_45&apos;&#10;Driver info: org.openqa.selenium.firefox.FirefoxDriver&#10;Capabilities [{applicationCacheEnabled=true, rotatable=false, handlesAlerts=true, databaseEnabled=true, version=46.0.1, platform=WINDOWS, nativeEvents=false, acceptSslCerts=true, webStorageEnabled=true, locationContextEnabled=true, browserName=firefox, takesScreenshot=true, javascriptEnabled=true, cssSelectorsEnabled=true}]&#10;Session ID: 79f38e2f-4f93-4053-9641-91348e6111be&#10;Build info: version: &apos;2.53.0&apos;, revision: &apos;35ae25b1534ae328c771e0856c93e187490ca824&apos;, time: &apos;2016-03-15 10:43:46&apos;&#10;System info: host: &apos;ShariqM-PC&apos;, ip: &apos;10.14.5.80&apos;, os.name: &apos;Windows 8.1&apos;, os.arch: &apos;amd64&apos;, os.version: &apos;6.3&apos;, java.version: &apos;1.8.0_45&apos;&#10;Driver info: driver.version: unknown" type="org.openqa.selenium.WebDriverException"><![CDATA[org.openqa.selenium.WebDriverException: Element is not clickable at point (1105.0833740234375, 136.46665954589844). Other element would receive the click: <div style="display: block; z-index: 10004; opacity: 0.5;" class="k-overlay"></div>
Command duration or timeout: 78 milliseconds
Build info: version: '2.53.0', revision: '35ae25b1534ae328c771e0856c93e187490ca824', time: '2016-03-15 10:43:46'
System info: host: 'ShariqM-PC', ip: '10.14.5.80', os.name: 'Windows 8.1', os.arch: 'amd64', os.version: '6.3', java.version: '1.8.0_45'
Driver info: org.openqa.selenium.firefox.FirefoxDriver
Capabilities [{applicationCacheEnabled=true, rotatable=false, handlesAlerts=true, databaseEnabled=true, version=46.0.1, platform=WINDOWS, nativeEvents=false, acceptSslCerts=true, webStorageEnabled=true, locationContextEnabled=true, browserName=firefox, takesScreenshot=true, javascriptEnabled=true, cssSelectorsEnabled=true}]
Session ID: 79f38e2f-4f93-4053-9641-91348e6111be
Build info: version: '2.53.0', revision: '35ae25b1534ae328c771e0856c93e187490ca824', time: '2016-03-15 10:43:46'
System info: host: 'ShariqM-PC', ip: '10.14.5.80', os.name: 'Windows 8.1', os.arch: 'amd64', os.version: '6.3', java.version: '1.8.0_45'
Driver info: driver.version: unknown
	at com.aptafund.test.pages.hrPayrollESS.ManageDeductionsPage.disableDeductionSet(ManageDeductionsPage.java:360)
	at com.aptafund.test.steps.HRPayrollESS.ManageDeductionSteps.disableDeductionAssignment(ManageDeductionSteps.java:84)
	at com.aptafund.test.features.login.Payroll.ManageDeductionTest.verifyDisableFixedAmountDeduction(ManageDeductionTest.java:95)
]]></error>
    <system-out><![CDATA[org.openqa.selenium.WebDriverException: Element is not clickable at point (1105.0833740234375, 136.46665954589844). Other element would receive the click: <div style="display: block; z-index: 10004; opacity: 0.5;" class="k-overlay"></div>
Command duration or timeout: 78 milliseconds
Build info: version: '2.53.0', revision: '35ae25b1534ae328c771e0856c93e187490ca824', time: '2016-03-15 10:43:46'
System info: host: 'ShariqM-PC', ip: '10.14.5.80', os.name: 'Windows 8.1', os.arch: 'amd64', os.version: '6.3', java.version: '1.8.0_45'
Driver info: org.openqa.selenium.firefox.FirefoxDriver
Capabilities [{applicationCacheEnabled=true, rotatable=false, handlesAlerts=true, databaseEnabled=true, version=46.0.1, platform=WINDOWS, nativeEvents=false, acceptSslCerts=true, webStorageEnabled=true, locationContextEnabled=true, browserName=firefox, takesScreenshot=true, javascriptEnabled=true, cssSelectorsEnabled=true}]
Session ID: 79f38e2f-4f93-4053-9641-91348e6111be
]]></system-out>
    <system-err><![CDATA[[main] INFO net.thucydides.core.webdriver.WebDriverFactory - Setting browser dimensions to 700/1280
[main] INFO com.aptafund.test.pages.commonPages.AptaLoginPage - Verifying the title of the Home Page
[main] INFO com.aptafund.test.pages.commonPages.AptaHomePage - Verifying the Title of Home Page 
[main] INFO com.aptafund.test.pages.hrPayrollESS.HrPayrollEssHomePage - Waiting for HR, Payroll & ESS
[main] INFO com.aptafund.test.pages.hrPayrollESS.HrPayrollEssHomePage - Clicked on HR, Payroll & ESS
[main] INFO com.aptafund.test.pages.hrPayrollESS.HrPayrollEssHomePage - HR, Payroll & ESS link has been clicked
[main] INFO com.aptafund.test.pages.hrPayrollESS.ManageDeductionsPage - Waiting for Employee Jobs link to be clickable
[main] INFO com.aptafund.test.pages.hrPayrollESS.ManageDeductionsPage - Adding Deduction Name Details
[main] INFO com.aptafund.test.pages.hrPayrollESS.ManageDeductionsPage - Enter Full Name Oswald
[main] INFO com.aptafund.test.pages.hrPayrollESS.ManageDeductionsPage - Employee Name > Oswald
]]></system-err>
  </testcase>
  <testcase name="verifyAddPercentageCalculationDeduction" classname="com.aptafund.test.features.login.Payroll.ManageDeductionTest" time="132.148">
    <error message="Timed out after 60 seconds waiting for com.aptafund.test.actions.WaitActions$1@11c50812&#10;Build info: version: &apos;2.53.0&apos;, revision: &apos;35ae25b1534ae328c771e0856c93e187490ca824&apos;, time: &apos;2016-03-15 10:43:46&apos;&#10;System info: host: &apos;ShariqM-PC&apos;, ip: &apos;10.14.5.80&apos;, os.name: &apos;Windows 8.1&apos;, os.arch: &apos;amd64&apos;, os.version: &apos;6.3&apos;, java.version: &apos;1.8.0_45&apos;&#10;Driver info: net.thucydides.core.webdriver.WebDriverFacade&#10;Build info: version: &apos;2.53.0&apos;, revision: &apos;35ae25b1534ae328c771e0856c93e187490ca824&apos;, time: &apos;2016-03-15 10:43:46&apos;&#10;System info: host: &apos;ShariqM-PC&apos;, ip: &apos;10.14.5.80&apos;, os.name: &apos;Windows 8.1&apos;, os.arch: &apos;amd64&apos;, os.version: &apos;6.3&apos;, java.version: &apos;1.8.0_45&apos;&#10;Driver info: driver.version: unknown" type="org.openqa.selenium.TimeoutException">org.openqa.selenium.TimeoutException: Timed out after 60 seconds waiting for com.aptafund.test.actions.WaitActions$1@11c50812
Build info: version: '2.53.0', revision: '35ae25b1534ae328c771e0856c93e187490ca824', time: '2016-03-15 10:43:46'
System info: host: 'ShariqM-PC', ip: '10.14.5.80', os.name: 'Windows 8.1', os.arch: 'amd64', os.version: '6.3', java.version: '1.8.0_45'
Driver info: net.thucydides.core.webdriver.WebDriverFacade
Build info: version: '2.53.0', revision: '35ae25b1534ae328c771e0856c93e187490ca824', time: '2016-03-15 10:43:46'
System info: host: 'ShariqM-PC', ip: '10.14.5.80', os.name: 'Windows 8.1', os.arch: 'amd64', os.version: '6.3', java.version: '1.8.0_45'
Driver info: driver.version: unknown
	at com.aptafund.test.actions.WaitActions.waitUntilLoaded(WaitActions.java:28)
	at com.aptafund.test.pages.hrPayrollESS.ManageDeductionsPage.clickonPPP(ManageDeductionsPage.java:365)
	at com.aptafund.test.steps.HRPayrollESS.ManageDeductionSteps.addManageDeductionUsingPercentageCalculation(ManageDeductionSteps.java:57)
	at com.aptafund.test.features.login.Payroll.ManageDeductionTest.verifyAddPercentageCalculationDeduction(ManageDeductionTest.java:73)
</error>
    <system-out><![CDATA[org.openqa.selenium.TimeoutException: Timed out after 60 seconds waiting for com.aptafund.test.actions.WaitActions$1@11c50812
Build info: version: '2.53.0', revision: '35ae25b1534ae328c771e0856c93e187490ca824', time: '2016-03-15 10:43:46'
System info: host: 'ShariqM-PC', ip: '10.14.5.80', os.name: 'Windows 8.1', os.arch: 'amd64', os.version: '6.3', java.version: '1.8.0_45'
Driver info: net.thucydides.core.webdriver.WebDriverFacade
]]></system-out>
    <system-err><![CDATA[[main] ERROR net.serenitybdd.core.Serenity - 
           __  _____ _____ ____ _____   _____ _    ___ _     _____ ____  
  _       / / |_   _| ____/ ___|_   _| |  ___/ \  |_ _| |   | ____|  _ \ 
 (_)_____| |    | | |  _| \___ \ | |   | |_ / _ \  | || |   |  _| | | | |
  _|_____| |    | | | |___ ___) || |   |  _/ ___ \ | || |___| |___| |_| |
 (_)     | |    |_| |_____|____/ |_|   |_|/_/   \_\___|_____|_____|____/ 
          \_\                                                            

TEST FAILED WITH ERROR: Verify disable fixed amount deduction
---------------------------------------------------------------------
[main] ERROR net.serenitybdd.core.Serenity - TEST FAILED AT STEP Disable deduction assignment
[main] ERROR net.serenitybdd.core.Serenity - Element is not clickable at point (1105.0833740234375, 136.46665954589844). Other element would receive the click: <div style="display: block; z-index: 10004; opacity: 0.5;" class="k-overlay"></div>
[main] INFO net.thucydides.core.webdriver.WebDriverFactory - Setting browser dimensions to 700/1280
[main] INFO com.aptafund.test.pages.commonPages.AptaLoginPage - Verifying the title of the Home Page
[main] INFO com.aptafund.test.pages.commonPages.AptaHomePage - Verifying the Title of Home Page 
[main] INFO com.aptafund.test.pages.hrPayrollESS.HrPayrollEssHomePage - Waiting for HR, Payroll & ESS
[main] INFO com.aptafund.test.pages.hrPayrollESS.HrPayrollEssHomePage - Clicked on HR, Payroll & ESS
[main] INFO com.aptafund.test.pages.hrPayrollESS.HrPayrollEssHomePage - HR, Payroll & ESS link has been clicked
[main] INFO com.aptafund.test.pages.hrPayrollESS.ManageDeductionsPage - Waiting for Employee Jobs link to be clickable
[main] INFO com.aptafund.test.pages.hrPayrollESS.ManageDeductionsPage - Adding Deduction Name Details
[main] INFO com.aptafund.test.pages.hrPayrollESS.ManageDeductionsPage - Enter Full Name Angelo
[main] INFO com.aptafund.test.pages.hrPayrollESS.ManageDeductionsPage - Employee Name > Angelo
]]></system-err>
  </testcase>
</testsuite>