<acceptance-test-run title="Void register" name="voidRegister" steps="33" successful="28" failures="1" skipped="4" ignored="0" pending="0" annotated-result="FAILURE" result="FAILURE" duration="256001" timestamp="2017-09-07T17:09:29.079+05:00" session-id="0a401d6a-8ce8-4a9b-af96-17c85d4a72df">
  <user-story id="com.aptafund.test.features.login.Payroll.ManagePayrollTest" name="Manage payroll test" path="com.aptafund.test.features.login.Payroll"/>
  <tags>
    <tag name="High" type="Priority"/>
    <tag name="Smoke-test" type="release"/>
    <tag name="Manage payroll test" type="story"/>
  </tags>
  <test-step result="SUCCESS" duration="13699">
    <description>Navigate to login page</description>
  </test-step>
  <test-step result="SUCCESS" duration="7760">
    <description>Login into apta</description>
  </test-step>
  <test-step result="SUCCESS" duration="14239">
    <description>Navigate to payroll</description>
  </test-step>
  <test-step result="SUCCESS" duration="8333">
    <description>Navigate to manage payroll</description>
  </test-step>
  <test-step result="SUCCESS" duration="2194">
    <description>Add payroll register</description>
  </test-step>
  <test-step result="SUCCESS" duration="3271">
    <description>Open payroll cycle</description>
  </test-step>
  <test-step result="SUCCESS" duration="2146">
    <description>Select biweekly value</description>
  </test-step>
  <test-step result="SUCCESS" duration="330">
    <description>Open payroll period</description>
  </test-step>
  <test-step result="SUCCESS" duration="9203">
    <description>Select payroll period value for void</description>
  </test-step>
  <test-step result="SUCCESS" duration="411">
    <description>Add register number</description>
  </test-step>
  <test-step result="SUCCESS" duration="3215">
    <description>Open register type</description>
  </test-step>
  <test-step result="SUCCESS" duration="9267">
    <description>Select register type value</description>
  </test-step>
  <test-step result="SUCCESS" duration="3207">
    <description>Set register description</description>
  </test-step>
  <test-step result="SUCCESS" duration="8346">
    <description>Save add register</description>
  </test-step>
  <test-step result="SUCCESS" duration="5179">
    <description>Add job to register</description>
  </test-step>
  <test-step result="SUCCESS" duration="14519">
    <description>Select employee from add job reg</description>
  </test-step>
  <test-step result="SUCCESS" duration="16040">
    <description>Select job from add job reg</description>
  </test-step>
  <test-step result="SUCCESS" duration="5187">
    <description>Save add job to register</description>
  </test-step>
  <test-step result="SUCCESS" duration="5414">
    <description>Select check box to select job</description>
  </test-step>
  <test-step result="SUCCESS" duration="10187">
    <description>Click edit button</description>
  </test-step>
  <test-step result="SUCCESS" duration="3403">
    <description>Click and set job hours</description>
  </test-step>
  <test-step result="SUCCESS" duration="5156">
    <description>Save job edit hours</description>
  </test-step>
  <test-step result="SUCCESS" duration="60">
    <description>Select register number</description>
  </test-step>
  <test-step result="SUCCESS" duration="20281">
    <description>Select return to search</description>
  </test-step>
  <test-step result="SUCCESS" duration="290">
    <description>Search register</description>
  </test-step>
  <test-step result="SUCCESS" duration="12423">
    <description>Select checkbox register</description>
  </test-step>
  <test-step result="SUCCESS" duration="13209">
    <description>Click submit reg button</description>
  </test-step>
  <test-step result="SUCCESS" duration="19249">
    <description>Click yes confirm msg</description>
  </test-step>
  <test-step result="FAILURE" duration="39615">
    <screenshots>
      <screenshot image="9b6aa8a8e6876b7e3f93d3776dcc4c11.png" source="pagesource8660024397461844544.html.txt"/>
    </screenshots>
    <description>Click approve reg</description>
    <error>java.lang.AssertionError: 
Expected: is &lt;false&gt;
     but: was &quot;Submitted&quot;</error>
    <exception>java.lang.AssertionError:
Expected: is &lt;false&gt;
     but: was &quot;Submitted&quot;&#xd;
[com.aptafund.test.pages.hrPayrollESS.ManagePayrollPage.clickApproveRegister(ManagePayrollPage.java:357), com.aptafund.test.steps.HRPayrollESS.ManagePayrollSteps.clickApproveReg(ManagePayrollSteps.java:292), com.aptafund.test.features.login.Payroll.ManagePayrollTest.voidRegister(ManagePayrollTest.java:244)]</exception>
  </test-step>
  <test-step result="SKIPPED" duration="0">
    <description>Click yes confirm msg for approval</description>
  </test-step>
  <test-step result="SKIPPED" duration="0">
    <description>Click on more button</description>
  </test-step>
  <test-step result="SKIPPED" duration="0">
    <description>Click void register</description>
  </test-step>
  <test-step result="SKIPPED" duration="0">
    <description>Click yes confirm msg to void</description>
  </test-step>
</acceptance-test-run>