<?xml version="1.0" encoding="UTF-8"?><testsuite errors="0" failures="1" name="com.aptafund.test.features.login.Reports.ReportsTest" skipped="0" tests="1" time="154.87" timestamp="2018-05-124 07:26:20"><testcase classname="com.aptafund.test.features.login.Reports.ReportsTest" name="Create accounts payable voucher form report"><failure message="Expected enabled element was not enabled&#10;Build info: version: '2.53.0', revision: '35ae25b1534ae328c771e0856c93e187490ca824', time: '2016-03-15 10:43:46'&#10;System info: host: 'ShariqM-PC', ip: '10.14.5.80', os.name: 'Windows 8.1', os.arch: 'amd64', os.version: '6.3', java.version: '1.8.0_45'&#10;Driver info: driver.version: unknown" type="net.thucydides.core.webdriver.exceptions.ElementShouldBeEnabledException">Expected enabled element was not enabled
Build info: version: '2.53.0', revision: '35ae25b1534ae328c771e0856c93e187490ca824', time: '2016-03-15 10:43:46'
System info: host: 'ShariqM-PC', ip: '10.14.5.80', os.name: 'Windows 8.1', os.arch: 'amd64', os.version: '6.3', java.version: '1.8.0_45'
Driver info: driver.version: unknown</failure><system-err>Expected enabled element was not enabled
Build info: version: '2.53.0', revision: '35ae25b1534ae328c771e0856c93e187490ca824', time: '2016-03-15 10:43:46'
System info: host: 'ShariqM-PC', ip: '10.14.5.80', os.name: 'Windows 8.1', os.arch: 'amd64', os.version: '6.3', java.version: '1.8.0_45'
Driver info: driver.version: unknown&#13;
com.aptafund.test.pages.Reports.ReportsPage.compareOutputMessage(ReportsPage.java:132)&#13;
com.aptafund.test.steps.MyAptaFund.ReportSteps.createAccountsPayableVoucherFormReport1(ReportSteps.java:65)&#13;
com.aptafund.test.features.login.Reports.ReportsTest.createAccountsPayableVoucherFormReport(ReportsTest.java:169)&#13;
</system-err></testcase></testsuite>