<?xml version="1.0" encoding="UTF-8"?><testsuite errors="1" failures="0" name="com.aptafund.test.features.login.PurchasingAndPayables.PurchaseRequisitionTest" skipped="0" tests="1" time="207.98" timestamp="2018-03-79 10:55:47"><testcase classname="com.aptafund.test.features.login.PurchasingAndPayables.PurchaseRequisitionTest" name="Withdraw my purchase requisition using dollar PR type"><error message="Element is not clickable at point (952.0166625976562, 569.5999755859375). Other element would receive the click: &lt;div class=&quot;k-loading-image&quot;&gt;&lt;/div&gt;&#10;Command duration or timeout: 78 milliseconds&#10;Build info: version: '2.53.0', revision: '35ae25b1534ae328c771e0856c93e187490ca824', time: '2016-03-15 10:43:46'&#10;System info: host: 'ShariqM-PC', ip: '10.14.5.80', os.name: 'Windows 8.1', os.arch: 'amd64', os.version: '6.3', java.version: '1.8.0_45'&#10;Driver info: org.openqa.selenium.firefox.FirefoxDriver&#10;Capabilities [{applicationCacheEnabled=true, rotatable=false, handlesAlerts=true, databaseEnabled=true, version=46.0.1, platform=WINDOWS, nativeEvents=false, acceptSslCerts=true, webStorageEnabled=true, locationContextEnabled=true, browserName=firefox, takesScreenshot=true, javascriptEnabled=true, cssSelectorsEnabled=true}]&#10;Session ID: a58a7eec-4f9b-49fb-a1c6-c91d1467e3c3" type="org.openqa.selenium.WebDriverException">Element is not clickable at point (952.0166625976562, 569.5999755859375). Other element would receive the click: &lt;div class="k-loading-image"&gt;&lt;/div&gt;
Command duration or timeout: 78 milliseconds
Build info: version: '2.53.0', revision: '35ae25b1534ae328c771e0856c93e187490ca824', time: '2016-03-15 10:43:46'
System info: host: 'ShariqM-PC', ip: '10.14.5.80', os.name: 'Windows 8.1', os.arch: 'amd64', os.version: '6.3', java.version: '1.8.0_45'
Driver info: org.openqa.selenium.firefox.FirefoxDriver
Capabilities [{applicationCacheEnabled=true, rotatable=false, handlesAlerts=true, databaseEnabled=true, version=46.0.1, platform=WINDOWS, nativeEvents=false, acceptSslCerts=true, webStorageEnabled=true, locationContextEnabled=true, browserName=firefox, takesScreenshot=true, javascriptEnabled=true, cssSelectorsEnabled=true}]
Session ID: a58a7eec-4f9b-49fb-a1c6-c91d1467e3c3</error><system-err>Element is not clickable at point (952.0166625976562, 569.5999755859375). Other element would receive the click: &lt;div class="k-loading-image"&gt;&lt;/div&gt;
Command duration or timeout: 78 milliseconds
Build info: version: '2.53.0', revision: '35ae25b1534ae328c771e0856c93e187490ca824', time: '2016-03-15 10:43:46'
System info: host: 'ShariqM-PC', ip: '10.14.5.80', os.name: 'Windows 8.1', os.arch: 'amd64', os.version: '6.3', java.version: '1.8.0_45'
Driver info: org.openqa.selenium.firefox.FirefoxDriver
Capabilities [{applicationCacheEnabled=true, rotatable=false, handlesAlerts=true, databaseEnabled=true, version=46.0.1, platform=WINDOWS, nativeEvents=false, acceptSslCerts=true, webStorageEnabled=true, locationContextEnabled=true, browserName=firefox, takesScreenshot=true, javascriptEnabled=true, cssSelectorsEnabled=true}]
Session ID: a58a7eec-4f9b-49fb-a1c6-c91d1467e3c3&#13;
com.aptafund.test.pages.PurchasingAndPayables.PurchaseRequisitionPage.closePurchaseReqPopup(PurchaseRequisitionPage.java:385)&#13;
com.aptafund.test.steps.PurchasingAndPayables.PurchaseRequisitionSteps.closePRPopUp(PurchaseRequisitionSteps.java:235)&#13;
com.aptafund.test.features.login.PurchasingAndPayables.PurchaseRequisitionTest.withdrawMyPurchaseRequisitionUsingDollarPRType(PurchaseRequisitionTest.java:581)&#13;
</system-err></testcase></testsuite>