<?xml version="1.0" encoding="UTF-8"?><testsuite errors="1" failures="0" name="com.aptafund.test.features.login.HumanResource.ManageEmployeeTest" skipped="0" tests="1" time="138.19" timestamp="2018-04-114 03:27:59"><testcase classname="com.aptafund.test.features.login.HumanResource.ManageEmployeeTest" name="Verify add new employee"><error message="Element is not clickable at point (206.8000030517578, 524.6000061035156). Other element would receive the click: &lt;div class=&quot;k-loading-image&quot;&gt;&lt;/div&gt;&#10;Command duration or timeout: 3.67 seconds&#10;Build info: version: '2.53.0', revision: '35ae25b1534ae328c771e0856c93e187490ca824', time: '2016-03-15 10:43:46'&#10;System info: host: 'ShariqM-PC', ip: '10.14.5.80', os.name: 'Windows 8.1', os.arch: 'amd64', os.version: '6.3', java.version: '1.8.0_45'&#10;Driver info: org.openqa.selenium.firefox.FirefoxDriver&#10;Capabilities [{applicationCacheEnabled=true, rotatable=false, handlesAlerts=true, databaseEnabled=true, version=46.0.1, platform=WINDOWS, nativeEvents=false, acceptSslCerts=true, webStorageEnabled=true, locationContextEnabled=true, browserName=firefox, takesScreenshot=true, javascriptEnabled=true, cssSelectorsEnabled=true}]&#10;Session ID: b93914ac-e0fd-4e3f-8723-1dcd36bdf790" type="org.openqa.selenium.WebDriverException">Element is not clickable at point (206.8000030517578, 524.6000061035156). Other element would receive the click: &lt;div class="k-loading-image"&gt;&lt;/div&gt;
Command duration or timeout: 3.67 seconds
Build info: version: '2.53.0', revision: '35ae25b1534ae328c771e0856c93e187490ca824', time: '2016-03-15 10:43:46'
System info: host: 'ShariqM-PC', ip: '10.14.5.80', os.name: 'Windows 8.1', os.arch: 'amd64', os.version: '6.3', java.version: '1.8.0_45'
Driver info: org.openqa.selenium.firefox.FirefoxDriver
Capabilities [{applicationCacheEnabled=true, rotatable=false, handlesAlerts=true, databaseEnabled=true, version=46.0.1, platform=WINDOWS, nativeEvents=false, acceptSslCerts=true, webStorageEnabled=true, locationContextEnabled=true, browserName=firefox, takesScreenshot=true, javascriptEnabled=true, cssSelectorsEnabled=true}]
Session ID: b93914ac-e0fd-4e3f-8723-1dcd36bdf790</error><system-err>Element is not clickable at point (206.8000030517578, 524.6000061035156). Other element would receive the click: &lt;div class="k-loading-image"&gt;&lt;/div&gt;
Command duration or timeout: 3.67 seconds
Build info: version: '2.53.0', revision: '35ae25b1534ae328c771e0856c93e187490ca824', time: '2016-03-15 10:43:46'
System info: host: 'ShariqM-PC', ip: '10.14.5.80', os.name: 'Windows 8.1', os.arch: 'amd64', os.version: '6.3', java.version: '1.8.0_45'
Driver info: org.openqa.selenium.firefox.FirefoxDriver
Capabilities [{applicationCacheEnabled=true, rotatable=false, handlesAlerts=true, databaseEnabled=true, version=46.0.1, platform=WINDOWS, nativeEvents=false, acceptSslCerts=true, webStorageEnabled=true, locationContextEnabled=true, browserName=firefox, takesScreenshot=true, javascriptEnabled=true, cssSelectorsEnabled=true}]
Session ID: b93914ac-e0fd-4e3f-8723-1dcd36bdf790&#13;
com.aptafund.test.pages.hrPayrollESS.ManageEmployeesPage.closeEmployee(ManageEmployeesPage.java:395)&#13;
com.aptafund.test.steps.HRPayrollESS.ManageEmplopyeeSteps.closeEmployeePopup(ManageEmplopyeeSteps.java:104)&#13;
com.aptafund.test.features.login.HumanResource.ManageEmployeeTest.verifyAddNewEmployee(ManageEmployeeTest.java:66)&#13;
</system-err></testcase></testsuite>