<?xml version="1.0" encoding="UTF-8"?><testsuite errors="1" failures="0" name="com.aptafund.test.features.login.Reports.ReportsTest" skipped="0" tests="1" time="58.95" timestamp="2018-04-93 09:20:27"><testcase classname="com.aptafund.test.features.login.Reports.ReportsTest" name="Create AP warrant transfer form report"><error message="Element is not clickable at point (260.6999969482422, 579.816650390625). Other element would receive the click: &lt;div id=&quot;footer&quot;&gt;&lt;/div&gt;&#10;Command duration or timeout: 70 milliseconds&#10;Build info: version: '2.53.0', revision: '35ae25b1534ae328c771e0856c93e187490ca824', time: '2016-03-15 10:43:46'&#10;System info: host: 'ShariqM-PC', ip: '10.14.5.80', os.name: 'Windows 8.1', os.arch: 'amd64', os.version: '6.3', java.version: '1.8.0_45'&#10;Driver info: org.openqa.selenium.firefox.FirefoxDriver&#10;Capabilities [{applicationCacheEnabled=true, rotatable=false, handlesAlerts=true, databaseEnabled=true, version=46.0.1, platform=WINDOWS, nativeEvents=false, acceptSslCerts=true, webStorageEnabled=true, locationContextEnabled=true, browserName=firefox, takesScreenshot=true, javascriptEnabled=true, cssSelectorsEnabled=true}]&#10;Session ID: d86774ea-8e3b-4462-ba04-2dd0a2bce0b8" type="org.openqa.selenium.WebDriverException">Element is not clickable at point (260.6999969482422, 579.816650390625). Other element would receive the click: &lt;div id="footer"&gt;&lt;/div&gt;
Command duration or timeout: 70 milliseconds
Build info: version: '2.53.0', revision: '35ae25b1534ae328c771e0856c93e187490ca824', time: '2016-03-15 10:43:46'
System info: host: 'ShariqM-PC', ip: '10.14.5.80', os.name: 'Windows 8.1', os.arch: 'amd64', os.version: '6.3', java.version: '1.8.0_45'
Driver info: org.openqa.selenium.firefox.FirefoxDriver
Capabilities [{applicationCacheEnabled=true, rotatable=false, handlesAlerts=true, databaseEnabled=true, version=46.0.1, platform=WINDOWS, nativeEvents=false, acceptSslCerts=true, webStorageEnabled=true, locationContextEnabled=true, browserName=firefox, takesScreenshot=true, javascriptEnabled=true, cssSelectorsEnabled=true}]
Session ID: d86774ea-8e3b-4462-ba04-2dd0a2bce0b8</error><system-err>Element is not clickable at point (260.6999969482422, 579.816650390625). Other element would receive the click: &lt;div id="footer"&gt;&lt;/div&gt;
Command duration or timeout: 70 milliseconds
Build info: version: '2.53.0', revision: '35ae25b1534ae328c771e0856c93e187490ca824', time: '2016-03-15 10:43:46'
System info: host: 'ShariqM-PC', ip: '10.14.5.80', os.name: 'Windows 8.1', os.arch: 'amd64', os.version: '6.3', java.version: '1.8.0_45'
Driver info: org.openqa.selenium.firefox.FirefoxDriver
Capabilities [{applicationCacheEnabled=true, rotatable=false, handlesAlerts=true, databaseEnabled=true, version=46.0.1, platform=WINDOWS, nativeEvents=false, acceptSslCerts=true, webStorageEnabled=true, locationContextEnabled=true, browserName=firefox, takesScreenshot=true, javascriptEnabled=true, cssSelectorsEnabled=true}]
Session ID: d86774ea-8e3b-4462-ba04-2dd0a2bce0b8&#13;
com.aptafund.test.pages.Reports.ReportsPage.clickOnReportToXLS(ReportsPage.java:101)&#13;
com.aptafund.test.steps.MyAptaFund.ReportSteps.createAPWarrantTransferFormReport(ReportSteps.java:74)&#13;
com.aptafund.test.features.login.Reports.ReportsTest.createAPWarrantTransferFormReport(ReportsTest.java:189)&#13;
</system-err></testcase></testsuite>