<?xml version="1.0" encoding="UTF-8"?><testsuite errors="1" failures="0" name="com.aptafund.test.features.login.Payroll.ManageDeductionTest" skipped="0" tests="1" time="58.34" timestamp="2017-08-229 02:04:18"><testcase classname="com.aptafund.test.features.login.Payroll.ManageDeductionTest" name="Verify disable fixed amount deduction"><error message="Element is not clickable at point (524.4833374023438, 574.9666748046875). Other element would receive the click: &lt;div id=&quot;footer&quot;&gt;&lt;/div&gt;&#10;Command duration or timeout: 131 milliseconds&#10;Build info: version: '2.53.0', revision: '35ae25b1534ae328c771e0856c93e187490ca824', time: '2016-03-15 10:43:46'&#10;System info: host: 'ShariqM-PC', ip: '10.14.5.80', os.name: 'Windows 8.1', os.arch: 'amd64', os.version: '6.3', java.version: '1.8.0_45'&#10;Driver info: org.openqa.selenium.firefox.FirefoxDriver&#10;Capabilities [{applicationCacheEnabled=true, rotatable=false, handlesAlerts=true, databaseEnabled=true, version=46.0.1, platform=WINDOWS, nativeEvents=false, acceptSslCerts=true, webStorageEnabled=true, locationContextEnabled=true, browserName=firefox, takesScreenshot=true, javascriptEnabled=true, cssSelectorsEnabled=true}]&#10;Session ID: 10739a4d-be31-42d3-b357-eab05b1c5bb1" type="org.openqa.selenium.WebDriverException">Element is not clickable at point (524.4833374023438, 574.9666748046875). Other element would receive the click: &lt;div id="footer"&gt;&lt;/div&gt;
Command duration or timeout: 131 milliseconds
Build info: version: '2.53.0', revision: '35ae25b1534ae328c771e0856c93e187490ca824', time: '2016-03-15 10:43:46'
System info: host: 'ShariqM-PC', ip: '10.14.5.80', os.name: 'Windows 8.1', os.arch: 'amd64', os.version: '6.3', java.version: '1.8.0_45'
Driver info: org.openqa.selenium.firefox.FirefoxDriver
Capabilities [{applicationCacheEnabled=true, rotatable=false, handlesAlerts=true, databaseEnabled=true, version=46.0.1, platform=WINDOWS, nativeEvents=false, acceptSslCerts=true, webStorageEnabled=true, locationContextEnabled=true, browserName=firefox, takesScreenshot=true, javascriptEnabled=true, cssSelectorsEnabled=true}]
Session ID: 10739a4d-be31-42d3-b357-eab05b1c5bb1</error><system-err>Element is not clickable at point (524.4833374023438, 574.9666748046875). Other element would receive the click: &lt;div id="footer"&gt;&lt;/div&gt;
Command duration or timeout: 131 milliseconds
Build info: version: '2.53.0', revision: '35ae25b1534ae328c771e0856c93e187490ca824', time: '2016-03-15 10:43:46'
System info: host: 'ShariqM-PC', ip: '10.14.5.80', os.name: 'Windows 8.1', os.arch: 'amd64', os.version: '6.3', java.version: '1.8.0_45'
Driver info: org.openqa.selenium.firefox.FirefoxDriver
Capabilities [{applicationCacheEnabled=true, rotatable=false, handlesAlerts=true, databaseEnabled=true, version=46.0.1, platform=WINDOWS, nativeEvents=false, acceptSslCerts=true, webStorageEnabled=true, locationContextEnabled=true, browserName=firefox, takesScreenshot=true, javascriptEnabled=true, cssSelectorsEnabled=true}]
Session ID: 10739a4d-be31-42d3-b357-eab05b1c5bb1&#13;
com.aptafund.test.pages.hrPayrollESS.ManageDeductionsPage.setComment(ManageDeductionsPage.java:314)&#13;
com.aptafund.test.steps.HRPayrollESS.ManageDeductionSteps.addManageDeduction(ManageDeductionSteps.java:37)&#13;
com.aptafund.test.features.login.Payroll.ManageDeductionTest.verifyDisableFixedAmountDeduction(ManageDeductionTest.java:92)&#13;
</system-err></testcase></testsuite>